<?xml version="1.0" encoding="UTF-8"?>
<robot generator="Robot 7.2.2 (Python 3.13.1 on win32)" generated="2025-02-14T10:49:20.071298" rpa="false" schemaversion="5">
<suite id="s1" name="Addadmin" source="c:\Users\Guy\Documents\code\SE\Marong-web-test\admin-test\addadmin.robot">
<test id="s1-t1" name="Add Admin Successfully" line="16">
<kw name="Open Browser To Login Page" owner="resources">
<kw name="Open Browser" owner="SeleniumLibrary">
<msg time="2025-02-14T10:49:20.273637" level="INFO">Opening browser 'chrome' to base url 'http://localhost:3000/'.</msg>
<arg>${LOGIN_URL}</arg>
<arg>${BROWSER}</arg>
<doc>Opens a new browser instance to the optional ``url``.</doc>
<status status="PASS" start="2025-02-14T10:49:20.273287" elapsed="1.803260"/>
</kw>
<kw name="Maximize Browser Window" owner="SeleniumLibrary">
<doc>Maximizes current browser window.</doc>
<status status="PASS" start="2025-02-14T10:49:22.076835" elapsed="0.051139"/>
</kw>
<kw name="Set Selenium Speed" owner="SeleniumLibrary">
<arg>${DELAY}</arg>
<doc>Sets the delay that is waited after each Selenium command.</doc>
<status status="PASS" start="2025-02-14T10:49:22.128244" elapsed="0.000712"/>
</kw>
<kw name="Login Page Should Be Open" owner="resources">
<kw name="Location Should Be" owner="SeleniumLibrary">
<msg time="2025-02-14T10:49:22.137028" level="INFO">Current location is 'http://localhost:3000/'.</msg>
<arg>${LOGIN_URL}</arg>
<doc>Verifies that the current URL is exactly ``url``.</doc>
<status status="PASS" start="2025-02-14T10:49:22.130211" elapsed="0.007156"/>
</kw>
<status status="PASS" start="2025-02-14T10:49:22.129789" elapsed="0.007836"/>
</kw>
<status status="PASS" start="2025-02-14T10:49:20.272710" elapsed="1.865073"/>
</kw>
<kw name="Login as masteradmin" owner="resources">
<kw name="Input Text" owner="SeleniumLibrary">
<msg time="2025-02-14T10:49:22.139365" level="INFO">Typing text 'msaidmin@gmail.com' into text field 'id=login_gmailBox'.</msg>
<arg>${LOGIN_GMAIL}</arg>
<arg>msaidmin@gmail.com</arg>
<doc>Types the given ``text`` into the text field identified by ``locator``.</doc>
<status status="PASS" start="2025-02-14T10:49:22.139005" elapsed="0.159229"/>
</kw>
<kw name="Input Text" owner="SeleniumLibrary">
<msg time="2025-02-14T10:49:22.299693" level="INFO">Typing text 'hashed_password_2' into text field 'id=login_passwordBox'.</msg>
<arg>${LOGIN_PASSWORD}</arg>
<arg>hashed_password_2</arg>
<doc>Types the given ``text`` into the text field identified by ``locator``.</doc>
<status status="PASS" start="2025-02-14T10:49:22.298793" elapsed="0.099600"/>
</kw>
<kw name="Click Button" owner="SeleniumLibrary">
<msg time="2025-02-14T10:49:22.398898" level="INFO">Clicking button 'id=login_button'.</msg>
<arg>${LOGIN_BUTTON}</arg>
<doc>Clicks the button identified by ``locator``.</doc>
<status status="PASS" start="2025-02-14T10:49:22.398637" elapsed="0.063649"/>
</kw>
<status status="PASS" start="2025-02-14T10:49:22.138643" elapsed="0.323859"/>
</kw>
<kw name="Sleep" owner="BuiltIn">
<msg time="2025-02-14T10:49:23.464252" level="INFO">Slept 1 second.</msg>
<arg>1s</arg>
<doc>Pauses the test executed for the given time.</doc>
<status status="PASS" start="2025-02-14T10:49:22.463155" elapsed="1.001687"/>
</kw>
<kw name="Click Element" owner="SeleniumLibrary">
<msg time="2025-02-14T10:49:23.465840" level="INFO">Clicking element 'id=Admin management'.</msg>
<arg>${ADMIN_PAGE_BUTTON}</arg>
<doc>Click the element identified by ``locator``.</doc>
<status status="PASS" start="2025-02-14T10:49:23.465526" elapsed="0.061488"/>
</kw>
<kw name="Sleep" owner="BuiltIn">
<msg time="2025-02-14T10:49:24.528070" level="INFO">Slept 1 second.</msg>
<arg>1s</arg>
<doc>Pauses the test executed for the given time.</doc>
<status status="PASS" start="2025-02-14T10:49:23.527614" elapsed="1.000702"/>
</kw>
<kw name="Click Element" owner="SeleniumLibrary">
<msg time="2025-02-14T10:49:24.529238" level="INFO">Clicking element 'id=add_adminButton'.</msg>
<arg>${ADD_ADMIN_BUTTON}</arg>
<doc>Click the element identified by ``locator``.</doc>
<status status="PASS" start="2025-02-14T10:49:24.528853" elapsed="0.043965"/>
</kw>
<kw name="Sleep" owner="BuiltIn">
<msg time="2025-02-14T10:49:25.574034" level="INFO">Slept 1 second.</msg>
<arg>1s</arg>
<doc>Pauses the test executed for the given time.</doc>
<status status="PASS" start="2025-02-14T10:49:24.573264" elapsed="1.001065"/>
</kw>
<kw name="Location Should Be" owner="SeleniumLibrary">
<msg time="2025-02-14T10:49:25.579569" level="INFO">Current location is 'http://localhost:3000/admin/add'.</msg>
<arg>${ADMIN_ADD_URL}</arg>
<doc>Verifies that the current URL is exactly ``url``.</doc>
<status status="PASS" start="2025-02-14T10:49:25.575043" elapsed="0.004722"/>
</kw>
<kw name="Input Text" owner="SeleniumLibrary">
<msg time="2025-02-14T10:49:25.580509" level="INFO">Typing text 'Test' into text field 'id=addFirstNameBox'.</msg>
<arg>id=addFirstNameBox</arg>
<arg>${FIRST_NAME}</arg>
<doc>Types the given ``text`` into the text field identified by ``locator``.</doc>
<status status="PASS" start="2025-02-14T10:49:25.580192" elapsed="0.094719"/>
</kw>
<kw name="Input Text" owner="SeleniumLibrary">
<msg time="2025-02-14T10:49:25.675656" level="INFO">Typing text 'Admin' into text field 'id=addLastNameBox'.</msg>
<arg>id=addLastNameBox</arg>
<arg>${LAST_NAME}</arg>
<doc>Types the given ``text`` into the text field identified by ``locator``.</doc>
<status status="PASS" start="2025-02-14T10:49:25.675380" elapsed="0.075743"/>
</kw>
<kw name="Input Text" owner="SeleniumLibrary">
<msg time="2025-02-14T10:49:25.752049" level="INFO">Typing text 'testadmin@example.com' into text field 'id=addGmailBox'.</msg>
<arg>id=addGmailBox</arg>
<arg>${GMAIL}</arg>
<doc>Types the given ``text`` into the text field identified by ``locator``.</doc>
<status status="PASS" start="2025-02-14T10:49:25.751760" elapsed="0.074815"/>
</kw>
<kw name="Input Text" owner="SeleniumLibrary">
<msg time="2025-02-14T10:49:25.827553" level="INFO">Typing text '0812345678' into text field 'id=addTelephoneBox'.</msg>
<arg>id=addTelephoneBox</arg>
<arg>${TELEPHONE}</arg>
<doc>Types the given ``text`` into the text field identified by ``locator``.</doc>
<status status="PASS" start="2025-02-14T10:49:25.827158" elapsed="0.067119"/>
</kw>
<kw name="Input Text" owner="SeleniumLibrary">
<msg time="2025-02-14T10:49:25.895345" level="INFO">Typing text 'Test@1234' into text field 'id=addPasswordBox'.</msg>
<arg>id=addPasswordBox</arg>
<arg>${PASSWORD}</arg>
<doc>Types the given ``text`` into the text field identified by ``locator``.</doc>
<status status="PASS" start="2025-02-14T10:49:25.894995" elapsed="0.061943"/>
</kw>
<kw name="Input Text" owner="SeleniumLibrary">
<msg time="2025-02-14T10:49:25.957770" level="INFO">Typing text 'Test@1234' into text field 'id=addConfirmPasswordBox'.</msg>
<arg>id=addConfirmPasswordBox</arg>
<arg>${PASSWORD}</arg>
<doc>Types the given ``text`` into the text field identified by ``locator``.</doc>
<status status="PASS" start="2025-02-14T10:49:25.957515" elapsed="0.060195"/>
</kw>
<kw name="Input Text" owner="SeleniumLibrary">
<msg time="2025-02-14T10:49:26.018636" level="INFO">Typing text '01-01-1995' into text field 'id=addBirthdayBox'.</msg>
<arg>id=addBirthdayBox</arg>
<arg>${BIRTHDAY}</arg>
<doc>Types the given ``text`` into the text field identified by ``locator``.</doc>
<status status="PASS" start="2025-02-14T10:49:26.018310" elapsed="0.050334"/>
</kw>
<kw name="Select From List By Label" owner="SeleniumLibrary">
<msg time="2025-02-14T10:49:26.069838" level="INFO">Selecting options from selection list 'id=addGenderDropdown' by label Male.</msg>
<arg>id=addGenderDropdown</arg>
<arg>${GENDER}</arg>
<doc>Selects options from selection list ``locator`` by ``labels``.</doc>
<status status="PASS" start="2025-02-14T10:49:26.069335" elapsed="0.053878"/>
</kw>
<kw name="Select From List By Label" owner="SeleniumLibrary">
<msg time="2025-02-14T10:49:26.124632" level="INFO">Selecting options from selection list 'id=addARoleDropdown' by label Admin.</msg>
<arg>id=addARoleDropdown</arg>
<arg>${ROLE}</arg>
<doc>Selects options from selection list ``locator`` by ``labels``.</doc>
<status status="PASS" start="2025-02-14T10:49:26.124290" elapsed="0.043610"/>
</kw>
<kw name="Click Element" owner="SeleniumLibrary">
<msg time="2025-02-14T10:49:26.168645" level="INFO">Clicking element 'id=addProfileImageButton'.</msg>
<arg>id=addProfileImageButton</arg>
<doc>Click the element identified by ``locator``.</doc>
<status status="PASS" start="2025-02-14T10:49:26.168406" elapsed="0.037923"/>
</kw>
<kw name="Choose File" owner="SeleniumLibrary">
<msg time="2025-02-14T10:49:26.207468" level="INFO">Sending C:\Users\Guy\Documents\code\SE\testpic.webp to browser.</msg>
<arg>name=picture</arg>
<arg>C:\\Users\\Guy\\Documents\\code\\SE\\testpic.webp</arg>
<doc>Inputs the ``file_path`` into the file input field ``locator``.</doc>
<status status="PASS" start="2025-02-14T10:49:26.207081" elapsed="0.026960"/>
</kw>
<kw name="Click Element" owner="SeleniumLibrary">
<msg time="2025-02-14T10:49:26.234977" level="INFO">Clicking element 'id=confirmaddAdminButton'.</msg>
<arg>id=confirmaddAdminButton</arg>
<doc>Click the element identified by ``locator``.</doc>
<status status="PASS" start="2025-02-14T10:49:26.234721" elapsed="0.056695"/>
</kw>
<kw name="Sleep" owner="BuiltIn">
<msg time="2025-02-14T10:49:28.294106" level="INFO">Slept 2 seconds.</msg>
<arg>2s</arg>
<doc>Pauses the test executed for the given time.</doc>
<status status="PASS" start="2025-02-14T10:49:26.293031" elapsed="2.001343"/>
</kw>
<kw name="Page Should Contain" owner="SeleniumLibrary">
<msg time="2025-02-14T10:49:28.305815" level="INFO">Current page contains text 'Account added successfully!'.</msg>
<arg>Account added successfully!</arg>
<doc>Verifies that current page contains ``text``.</doc>
<status status="PASS" start="2025-02-14T10:49:28.294976" elapsed="0.011059"/>
</kw>
<kw name="Click Element" owner="SeleniumLibrary">
<msg time="2025-02-14T10:49:28.306689" level="INFO">Clicking element 'id=okButton'.</msg>
<arg>id=okButton</arg>
<doc>Click the element identified by ``locator``.</doc>
<status status="PASS" start="2025-02-14T10:49:28.306475" elapsed="0.049770"/>
</kw>
<kw name="Location Should Be" owner="SeleniumLibrary">
<msg time="2025-02-14T10:49:28.366793" level="INFO">Current location is 'http://localhost:3000/admin'.</msg>
<arg>${ALL_ADDMIN_URL}</arg>
<doc>Verifies that the current URL is exactly ``url``.</doc>
<status status="PASS" start="2025-02-14T10:49:28.357859" elapsed="0.009321"/>
</kw>
<kw name="Sleep" owner="BuiltIn">
<msg time="2025-02-14T10:49:30.368841" level="INFO">Slept 2 seconds.</msg>
<arg>2s</arg>
<doc>Pauses the test executed for the given time.</doc>
<status status="PASS" start="2025-02-14T10:49:28.367954" elapsed="2.001426"/>
</kw>
<kw name="Page Should Contain Element" owner="SeleniumLibrary">
<msg time="2025-02-14T10:49:30.384510" level="INFO">Current page contains element 'id=admincard-id-4'.</msg>
<arg>id=admincard-id-4</arg>
<doc>Verifies that element ``locator`` is found on the current page.</doc>
<status status="PASS" start="2025-02-14T10:49:30.371977" elapsed="0.012718"/>
</kw>
<kw name="Element Should Contain" owner="SeleniumLibrary">
<msg time="2025-02-14T10:49:30.402813" level="INFO">Element 'id=admincard-id-4' contains text 'Test Admin'.</msg>
<arg>id=admincard-id-4</arg>
<arg>${FIRST_NAME} ${LAST_NAME}</arg>
<doc>Verifies that element ``locator`` contains text ``expected``.</doc>
<status status="PASS" start="2025-02-14T10:49:30.385108" elapsed="0.017913"/>
</kw>
<kw name="Element Should Contain" owner="SeleniumLibrary">
<msg time="2025-02-14T10:49:30.415438" level="INFO">Element 'id=admincard-id-4' contains text 'Admin'.</msg>
<arg>id=admincard-id-4</arg>
<arg>${ROLE}</arg>
<doc>Verifies that element ``locator`` contains text ``expected``.</doc>
<status status="PASS" start="2025-02-14T10:49:30.403495" elapsed="0.012138"/>
</kw>
<kw name="Sleep" owner="BuiltIn">
<msg time="2025-02-14T10:49:31.417122" level="INFO">Slept 1 second.</msg>
<arg>1s</arg>
<doc>Pauses the test executed for the given time.</doc>
<status status="PASS" start="2025-02-14T10:49:30.416260" elapsed="1.001075"/>
</kw>
<kw name="Click Element" owner="SeleniumLibrary">
<msg time="2025-02-14T10:49:31.418376" level="INFO">Clicking element 'id=admincard-id-4'.</msg>
<arg>id=admincard-id-4</arg>
<doc>Click the element identified by ``locator``.</doc>
<status status="PASS" start="2025-02-14T10:49:31.418123" elapsed="0.064697"/>
</kw>
<kw name="Sleep" owner="BuiltIn">
<msg time="2025-02-14T10:49:32.484291" level="INFO">Slept 1 second.</msg>
<arg>1s</arg>
<doc>Pauses the test executed for the given time.</doc>
<status status="PASS" start="2025-02-14T10:49:31.483800" elapsed="1.000796"/>
</kw>
<kw name="Location Should Be" owner="SeleniumLibrary">
<msg time="2025-02-14T10:49:32.491466" level="INFO">Current location is 'http://localhost:3000/admin/adminprofile/4'.</msg>
<arg>${ADMIN_PROFILE_URL}4</arg>
<doc>Verifies that the current URL is exactly ``url``.</doc>
<status status="PASS" start="2025-02-14T10:49:32.485177" elapsed="0.006555"/>
</kw>
<kw name="Page Should Contain" owner="SeleniumLibrary">
<msg time="2025-02-14T10:49:32.506533" level="INFO">Current page contains text 'Test'.</msg>
<arg>${FIRST_NAME}</arg>
<doc>Verifies that current page contains ``text``.</doc>
<status status="PASS" start="2025-02-14T10:49:32.492704" elapsed="0.014092"/>
</kw>
<kw name="Page Should Contain" owner="SeleniumLibrary">
<msg time="2025-02-14T10:49:32.521266" level="INFO">Current page contains text 'Admin'.</msg>
<arg>${LAST_NAME}</arg>
<doc>Verifies that current page contains ``text``.</doc>
<status status="PASS" start="2025-02-14T10:49:32.507445" elapsed="0.014080"/>
</kw>
<kw name="Page Should Contain" owner="SeleniumLibrary">
<msg time="2025-02-14T10:49:32.535641" level="INFO">Current page contains text '01/01/1995'.</msg>
<arg>01/01/1995</arg>
<doc>Verifies that current page contains ``text``.</doc>
<status status="PASS" start="2025-02-14T10:49:32.522145" elapsed="0.013803"/>
</kw>
<kw name="Page Should Contain" owner="SeleniumLibrary">
<msg time="2025-02-14T10:49:32.566793" level="INFO">Current page contains text 'Male'.</msg>
<arg>${GENDER}</arg>
<doc>Verifies that current page contains ``text``.</doc>
<status status="PASS" start="2025-02-14T10:49:32.536646" elapsed="0.030645"/>
</kw>
<kw name="Page Should Contain" owner="SeleniumLibrary">
<msg time="2025-02-14T10:49:32.603623" level="INFO">Current page contains text 'testadmin@example.com'.</msg>
<arg>${GMAIL}</arg>
<doc>Verifies that current page contains ``text``.</doc>
<status status="PASS" start="2025-02-14T10:49:32.570428" elapsed="0.033575"/>
</kw>
<kw name="Page Should Contain" owner="SeleniumLibrary">
<msg time="2025-02-14T10:49:32.624217" level="INFO">Current page contains text '081-2345678'.</msg>
<arg>081-2345678</arg>
<doc>Verifies that current page contains ``text``.</doc>
<status status="PASS" start="2025-02-14T10:49:32.606799" elapsed="0.017861"/>
</kw>
<kw name="Page Should Contain" owner="SeleniumLibrary">
<msg time="2025-02-14T10:49:32.641986" level="INFO">Current page contains text 'ROLE_Admin'.</msg>
<arg>ROLE_Admin</arg>
<doc>Verifies that current page contains ``text``.</doc>
<status status="PASS" start="2025-02-14T10:49:32.627440" elapsed="0.014818"/>
</kw>
<kw name="Click Element" owner="SeleniumLibrary">
<msg time="2025-02-14T10:49:32.643077" level="INFO">Clicking element 'id=backtoAllAdminButton'.</msg>
<arg>id=backtoAllAdminButton</arg>
<doc>Click the element identified by ``locator``.</doc>
<status status="PASS" start="2025-02-14T10:49:32.642773" elapsed="0.068596"/>
</kw>
<kw name="Sleep" owner="BuiltIn">
<msg time="2025-02-14T10:49:33.714243" level="INFO">Slept 1 second.</msg>
<arg>1s</arg>
<doc>Pauses the test executed for the given time.</doc>
<status status="PASS" start="2025-02-14T10:49:32.712178" elapsed="1.002755"/>
</kw>
<kw name="Close Browser" owner="SeleniumLibrary">
<doc>Closes the current browser.</doc>
<status status="PASS" start="2025-02-14T10:49:33.718679" elapsed="2.239431"/>
</kw>
<doc>ทดสอบการเพิ่มแอดมินสำเร็จ</doc>
<status status="PASS" start="2025-02-14T10:49:20.271724" elapsed="15.687419"/>
</test>
<status status="PASS" start="2025-02-14T10:49:20.074264" elapsed="15.889125"/>
</suite>
<statistics>
<total>
<stat pass="1" fail="0" skip="0">All Tests</stat>
</total>
<tag>
</tag>
<suite>
<stat name="Addadmin" id="s1" pass="1" fail="0" skip="0">Addadmin</stat>
</suite>
</statistics>
<errors>
</errors>
</robot>
