<?xml version="1.0" encoding="UTF-8"?>
<robot generator="Robot 7.2.2 (Python 3.13.1 on win32)" generated="2025-03-03T05:46:30.563319" rpa="false" schemaversion="5">
<suite id="s1" name="Componenttest" source="c:\Users\Guy\Documents\code\SE\Marong-web-test\component-test\componenttest.robot">
<test id="s1-t1" name="Test Responsive Case Page at 1280x800" line="23">
<kw name="Open And Login" owner="resources">
<kw name="Open Browser To Login Page" owner="resources">
<kw name="Open Browser" owner="SeleniumLibrary">
<msg time="2025-03-03T05:46:30.810444" level="INFO">Opening browser 'chrome' to base url 'http://localhost:3000/'.</msg>
<arg>${LOGIN_URL}</arg>
<arg>${BROWSER}</arg>
<doc>Opens a new browser instance to the optional ``url``.</doc>
<status status="PASS" start="2025-03-03T05:46:30.809935" elapsed="1.986452"/>
</kw>
<kw name="Maximize Browser Window" owner="SeleniumLibrary">
<doc>Maximizes current browser window.</doc>
<status status="PASS" start="2025-03-03T05:46:32.797494" elapsed="0.030423"/>
</kw>
<kw name="Set Selenium Speed" owner="SeleniumLibrary">
<arg>${DELAY}</arg>
<doc>Sets the delay that is waited after each Selenium command.</doc>
<status status="PASS" start="2025-03-03T05:46:32.828321" elapsed="0.000361"/>
</kw>
<kw name="Login Page Should Be Open" owner="resources">
<kw name="Location Should Be" owner="SeleniumLibrary">
<msg time="2025-03-03T05:46:32.842645" level="INFO">Current location is 'http://localhost:3000/'.</msg>
<arg>${LOGIN_URL}</arg>
<doc>Verifies that the current URL is exactly ``url``.</doc>
<status status="PASS" start="2025-03-03T05:46:32.829141" elapsed="0.013940"/>
</kw>
<status status="PASS" start="2025-03-03T05:46:32.828904" elapsed="0.014402"/>
</kw>
<status status="PASS" start="2025-03-03T05:46:30.808516" elapsed="2.034955"/>
</kw>
<kw name="Login" owner="resources">
<kw name="Input Text" owner="SeleniumLibrary">
<msg time="2025-03-03T05:46:32.844812" level="INFO">Typing text 'msaidmin@gmail.com' into text field 'id=login_gmailBox'.</msg>
<arg>${LOGIN_GMAIL}</arg>
<arg>${gmail}</arg>
<doc>Types the given ``text`` into the text field identified by ``locator``.</doc>
<status status="PASS" start="2025-03-03T05:46:32.844216" elapsed="0.127665"/>
</kw>
<kw name="Input Text" owner="SeleniumLibrary">
<msg time="2025-03-03T05:46:32.972405" level="INFO">Typing text 'hashed_password_2' into text field 'id=login_passwordBox'.</msg>
<arg>${LOGIN_PASSWORD}</arg>
<arg>${password}</arg>
<doc>Types the given ``text`` into the text field identified by ``locator``.</doc>
<status status="PASS" start="2025-03-03T05:46:32.972107" elapsed="0.092983"/>
</kw>
<kw name="Click Button" owner="SeleniumLibrary">
<msg time="2025-03-03T05:46:33.066000" level="INFO">Clicking button 'id=login_button'.</msg>
<arg>${LOGIN_BUTTON}</arg>
<doc>Clicks the button identified by ``locator``.</doc>
<status status="PASS" start="2025-03-03T05:46:33.065521" elapsed="0.069953"/>
</kw>
<arg>msaidmin@gmail.com</arg>
<arg>hashed_password_2</arg>
<status status="PASS" start="2025-03-03T05:46:32.843722" elapsed="0.291916"/>
</kw>
<kw name="Sleep" owner="BuiltIn">
<msg time="2025-03-03T05:46:35.136534" level="INFO">Slept 2 seconds.</msg>
<arg>2s</arg>
<doc>Pauses the test executed for the given time.</doc>
<status status="PASS" start="2025-03-03T05:46:33.135779" elapsed="2.001250"/>
</kw>
<kw name="Overview Page Should Be Open" owner="resources">
<kw name="Location Should Be" owner="SeleniumLibrary">
<msg time="2025-03-03T05:46:35.148493" level="INFO">Current location is 'http://localhost:3000/overview'.</msg>
<arg>${OVERVIEW_URL}</arg>
<doc>Verifies that the current URL is exactly ``url``.</doc>
<status status="PASS" start="2025-03-03T05:46:35.138222" elapsed="0.010469"/>
</kw>
<kw name="Sleep" owner="BuiltIn">
<msg time="2025-03-03T05:46:36.149487" level="INFO">Slept 1 second.</msg>
<arg>1s</arg>
<doc>Pauses the test executed for the given time.</doc>
<status status="PASS" start="2025-03-03T05:46:35.149016" elapsed="1.000866"/>
</kw>
<kw name="Wait Until Element Is Visible" owner="SeleniumLibrary">
<arg>${OVERVIEW_LINK}</arg>
<arg>timeout=5s</arg>
<doc>Waits until the element ``locator`` is visible.</doc>
<status status="PASS" start="2025-03-03T05:46:36.150194" elapsed="0.027865"/>
</kw>
<kw name="Get WebElement" owner="SeleniumLibrary">
<msg time="2025-03-03T05:46:36.182608" level="INFO">${element} = &lt;selenium.webdriver.remote.webelement.WebElement (session="f6f4f4ad820d08a1a9a8672a64211795", element="f.8E05441F262E8345AA67723A02FE4585.d.FDC38F983D9C9345D2A4221956B6A0DB.e.40")&gt;</msg>
<var>${element}</var>
<arg>${OVERVIEW_LINK}</arg>
<doc>Returns the first WebElement matching the given ``locator``.</doc>
<status status="PASS" start="2025-03-03T05:46:36.178307" elapsed="0.004428"/>
</kw>
<kw name="Execute Javascript" owner="SeleniumLibrary">
<msg time="2025-03-03T05:46:36.183233" level="INFO">Executing JavaScript:
return window.getComputedStyle(arguments[0]).backgroundColor;
By using argument:
'&lt;selenium.webdriver.remote.webelement.WebElement (session="f6f4f4ad820d08a1a9a8672a64211795", element="f.8E05441F262E8345AA67723A02FE4585.d.FDC38F983D9C9345D2A4221956B6A0DB.e.40")&gt;'</msg>
<msg time="2025-03-03T05:46:36.187433" level="INFO">${color} = rgb(191, 219, 254)</msg>
<var>${color}</var>
<arg>return window.getComputedStyle(arguments[0]).backgroundColor;</arg>
<arg>ARGUMENTS</arg>
<arg>${element}</arg>
<doc>Executes the given JavaScript code with possible arguments.</doc>
<status status="PASS" start="2025-03-03T05:46:36.182876" elapsed="0.004679"/>
</kw>
<kw name="Log To Console" owner="BuiltIn">
<arg>Background color: ${color}</arg>
<doc>Logs the given message to the console.</doc>
<status status="PASS" start="2025-03-03T05:46:36.187697" elapsed="0.000432"/>
</kw>
<kw name="Should Contain" owner="BuiltIn">
<arg>${color}</arg>
<arg>rgb(191, 219, 254)</arg>
<doc>Fails if ``container`` does not contain ``item`` one or more times.</doc>
<status status="PASS" start="2025-03-03T05:46:36.188298" elapsed="0.000181"/>
</kw>
<status status="PASS" start="2025-03-03T05:46:35.137594" elapsed="1.050963"/>
</kw>
<status status="PASS" start="2025-03-03T05:46:30.807874" elapsed="5.380742"/>
</kw>
<kw name="Set Window Size" owner="SeleniumLibrary">
<arg>1280</arg>
<arg>800</arg>
<doc>Sets current windows size to given ``width`` and ``height``.</doc>
<status status="PASS" start="2025-03-03T05:46:36.189118" elapsed="0.387786"/>
</kw>
<kw name="Go To Case Page" owner="resources">
<kw name="Wait Until Element Is Visible" owner="SeleniumLibrary">
<arg>${CASE_LINK}</arg>
<arg>timeout=5s</arg>
<doc>Waits until the element ``locator`` is visible.</doc>
<status status="PASS" start="2025-03-03T05:46:36.577862" elapsed="0.031493"/>
</kw>
<kw name="Click Element" owner="SeleniumLibrary">
<msg time="2025-03-03T05:46:36.610170" level="INFO">Clicking element 'id=Case'.</msg>
<arg>${CASE_LINK}</arg>
<doc>Click the element identified by ``locator``.</doc>
<status status="PASS" start="2025-03-03T05:46:36.609804" elapsed="0.077176"/>
</kw>
<kw name="Sleep" owner="BuiltIn">
<msg time="2025-03-03T05:46:37.688226" level="INFO">Slept 1 second.</msg>
<arg>1s</arg>
<doc>Pauses the test executed for the given time.</doc>
<status status="PASS" start="2025-03-03T05:46:36.687238" elapsed="1.001518"/>
</kw>
<kw name="Case Page Should Be Open" owner="resources">
<kw name="Location Should Be" owner="SeleniumLibrary">
<msg time="2025-03-03T05:46:37.698188" level="INFO">Current location is 'http://localhost:3000/case'.</msg>
<arg>${CASE_URL}</arg>
<doc>Verifies that the current URL is exactly ``url``.</doc>
<status status="PASS" start="2025-03-03T05:46:37.690136" elapsed="0.008345"/>
</kw>
<kw name="Sleep" owner="BuiltIn">
<msg time="2025-03-03T05:46:38.699539" level="INFO">Slept 1 second.</msg>
<arg>1s</arg>
<doc>Pauses the test executed for the given time.</doc>
<status status="PASS" start="2025-03-03T05:46:37.698686" elapsed="1.001271"/>
</kw>
<kw name="Wait Until Element Is Visible" owner="SeleniumLibrary">
<arg>${CASE_LINK}</arg>
<arg>timeout=5s</arg>
<doc>Waits until the element ``locator`` is visible.</doc>
<status status="PASS" start="2025-03-03T05:46:38.700295" elapsed="0.015792"/>
</kw>
<kw name="Get WebElement" owner="SeleniumLibrary">
<msg time="2025-03-03T05:46:38.721109" level="INFO">${element} = &lt;selenium.webdriver.remote.webelement.WebElement (session="f6f4f4ad820d08a1a9a8672a64211795", element="f.8E05441F262E8345AA67723A02FE4585.d.FDC38F983D9C9345D2A4221956B6A0DB.e.98")&gt;</msg>
<var>${element}</var>
<arg>${CASE_LINK}</arg>
<doc>Returns the first WebElement matching the given ``locator``.</doc>
<status status="PASS" start="2025-03-03T05:46:38.716458" elapsed="0.004786"/>
</kw>
<kw name="Execute Javascript" owner="SeleniumLibrary">
<msg time="2025-03-03T05:46:38.721712" level="INFO">Executing JavaScript:
return window.getComputedStyle(arguments[0]).backgroundColor;
By using argument:
'&lt;selenium.webdriver.remote.webelement.WebElement (session="f6f4f4ad820d08a1a9a8672a64211795", element="f.8E05441F262E8345AA67723A02FE4585.d.FDC38F983D9C9345D2A4221956B6A0DB.e.98")&gt;'</msg>
<msg time="2025-03-03T05:46:38.725206" level="INFO">${color} = rgb(191, 219, 254)</msg>
<var>${color}</var>
<arg>return window.getComputedStyle(arguments[0]).backgroundColor;</arg>
<arg>ARGUMENTS</arg>
<arg>${element}</arg>
<doc>Executes the given JavaScript code with possible arguments.</doc>
<status status="PASS" start="2025-03-03T05:46:38.721386" elapsed="0.003936"/>
</kw>
<kw name="Log To Console" owner="BuiltIn">
<arg>Background color: ${color}</arg>
<doc>Logs the given message to the console.</doc>
<status status="PASS" start="2025-03-03T05:46:38.725464" elapsed="0.000390"/>
</kw>
<kw name="Should Contain" owner="BuiltIn">
<arg>${color}</arg>
<arg>rgb(191, 219, 254)</arg>
<doc>Fails if ``container`` does not contain ``item`` one or more times.</doc>
<status status="PASS" start="2025-03-03T05:46:38.726028" elapsed="0.000178"/>
</kw>
<status status="PASS" start="2025-03-03T05:46:37.689387" elapsed="1.036901"/>
</kw>
<status status="PASS" start="2025-03-03T05:46:36.577548" elapsed="2.148805"/>
</kw>
<kw name="Case Page Should Be Open" owner="resources">
<kw name="Location Should Be" owner="SeleniumLibrary">
<msg time="2025-03-03T05:46:38.729301" level="INFO">Current location is 'http://localhost:3000/case'.</msg>
<arg>${CASE_URL}</arg>
<doc>Verifies that the current URL is exactly ``url``.</doc>
<status status="PASS" start="2025-03-03T05:46:38.726902" elapsed="0.002519"/>
</kw>
<kw name="Sleep" owner="BuiltIn">
<msg time="2025-03-03T05:46:39.730472" level="INFO">Slept 1 second.</msg>
<arg>1s</arg>
<doc>Pauses the test executed for the given time.</doc>
<status status="PASS" start="2025-03-03T05:46:38.729535" elapsed="1.001171"/>
</kw>
<kw name="Wait Until Element Is Visible" owner="SeleniumLibrary">
<arg>${CASE_LINK}</arg>
<arg>timeout=5s</arg>
<doc>Waits until the element ``locator`` is visible.</doc>
<status status="PASS" start="2025-03-03T05:46:39.730869" elapsed="0.010429"/>
</kw>
<kw name="Get WebElement" owner="SeleniumLibrary">
<msg time="2025-03-03T05:46:39.746041" level="INFO">${element} = &lt;selenium.webdriver.remote.webelement.WebElement (session="f6f4f4ad820d08a1a9a8672a64211795", element="f.8E05441F262E8345AA67723A02FE4585.d.FDC38F983D9C9345D2A4221956B6A0DB.e.98")&gt;</msg>
<var>${element}</var>
<arg>${CASE_LINK}</arg>
<doc>Returns the first WebElement matching the given ``locator``.</doc>
<status status="PASS" start="2025-03-03T05:46:39.741508" elapsed="0.004663"/>
</kw>
<kw name="Execute Javascript" owner="SeleniumLibrary">
<msg time="2025-03-03T05:46:39.746666" level="INFO">Executing JavaScript:
return window.getComputedStyle(arguments[0]).backgroundColor;
By using argument:
'&lt;selenium.webdriver.remote.webelement.WebElement (session="f6f4f4ad820d08a1a9a8672a64211795", element="f.8E05441F262E8345AA67723A02FE4585.d.FDC38F983D9C9345D2A4221956B6A0DB.e.98")&gt;'</msg>
<msg time="2025-03-03T05:46:39.749989" level="INFO">${color} = rgb(191, 219, 254)</msg>
<var>${color}</var>
<arg>return window.getComputedStyle(arguments[0]).backgroundColor;</arg>
<arg>ARGUMENTS</arg>
<arg>${element}</arg>
<doc>Executes the given JavaScript code with possible arguments.</doc>
<status status="PASS" start="2025-03-03T05:46:39.746327" elapsed="0.003783"/>
</kw>
<kw name="Log To Console" owner="BuiltIn">
<arg>Background color: ${color}</arg>
<doc>Logs the given message to the console.</doc>
<status status="PASS" start="2025-03-03T05:46:39.750259" elapsed="0.000590"/>
</kw>
<kw name="Should Contain" owner="BuiltIn">
<arg>${color}</arg>
<arg>rgb(191, 219, 254)</arg>
<doc>Fails if ``container`` does not contain ``item`` one or more times.</doc>
<status status="PASS" start="2025-03-03T05:46:39.751038" elapsed="0.000184"/>
</kw>
<status status="PASS" start="2025-03-03T05:46:38.726691" elapsed="1.024615"/>
</kw>
<kw name="Sleep" owner="BuiltIn">
<msg time="2025-03-03T05:46:41.751817" level="INFO">Slept 2 seconds.</msg>
<arg>2s</arg>
<doc>Pauses the test executed for the given time.</doc>
<status status="PASS" start="2025-03-03T05:46:39.751587" elapsed="2.000753"/>
</kw>
<kw name="Capture Page Screenshot" owner="SeleniumLibrary">
<msg time="2025-03-03T05:46:41.820957" level="INFO" html="true">&lt;/td&gt;&lt;/tr&gt;&lt;tr&gt;&lt;td colspan="3"&gt;&lt;a href="selenium-screenshot-1.png"&gt;&lt;img src="selenium-screenshot-1.png" width="800px"&gt;&lt;/a&gt;</msg>
<doc>Takes a screenshot of the current page and embeds it into a log file.</doc>
<status status="PASS" start="2025-03-03T05:46:41.752843" elapsed="0.068437"/>
</kw>
<kw name="Close Browser" owner="SeleniumLibrary">
<doc>Closes the current browser.</doc>
<status status="PASS" start="2025-03-03T05:46:41.821766" elapsed="2.189273"/>
</kw>
<doc>ตรวจสอบ Responsive ของ Case Page ที่ 1280x800</doc>
<status status="PASS" start="2025-03-03T05:46:30.806966" elapsed="13.204868"/>
</test>
<status status="PASS" start="2025-03-03T05:46:30.566440" elapsed="13.446486"/>
</suite>
<statistics>
<total>
<stat pass="1" fail="0" skip="0">All Tests</stat>
</total>
<tag>
</tag>
<suite>
<stat name="Componenttest" id="s1" pass="1" fail="0" skip="0">Componenttest</stat>
</suite>
</statistics>
<errors>
</errors>
</robot>
